<?xml version="1.0" encoding="UTF-8"?>
<!-- Generated by org.testng.reporters.JUnitReportReporter -->
<testsuite skipped="0" hostname="DESKTOP-7BTLB3T" name="sampleshop.product_details.ProductDetailsTest" tests="1" failures="0" timestamp="2021-11-15T12:38:59 CET" time="0.671" errors="0">
  <testcase name="orderElement" time="0.671" classname="sampleshop.product_details.ProductDetailsTest"/>
  <system-out/>
</testsuite> <!-- sampleshop.product_details.ProductDetailsTest -->
