<?xml version="1.0" encoding="UTF-8"?>
<!-- Generated by org.testng.reporters.JUnitReportReporter -->
<testsuite skipped="0" hostname="DESKTOP-7BTLB3T" name="HomePageTests" tests="2" failures="0" timestamp="2021-11-08T18:04:25 CET" time="0.103" errors="0">
  <testcase name="checkMainHeaderText" time="0.050" classname="HomePageTests"/>
  <system-out/>
  <testcase name="checkDescriptionHeaderText" time="0.053" classname="HomePageTests"/>
  <system-out/>
</testsuite> <!-- HomePageTests -->
