<?xml version="1.0" encoding="UTF-8"?>
<!-- Generated by org.testng.reporters.JUnitReportReporter -->
<testsuite skipped="0" hostname="DESKTOP-7BTLB3T" name="DynamicLoadingPageTests" tests="1" failures="0" timestamp="2021-11-08T18:04:25 CET" time="5.412" errors="0">
  <testcase name="checkConfirmationText" time="5.412" classname="DynamicLoadingPageTests"/>
  <system-out/>
</testsuite> <!-- DynamicLoadingPageTests -->
