<?xml version="1.0" encoding="UTF-8"?>
<!-- Generated by org.testng.reporters.JUnitReportReporter -->
<testsuite skipped="0" hostname="DESKTOP-7BTLB3T" name="sampleshop.homepage.HomePageTest" tests="1" failures="0" timestamp="2021-11-15T12:38:59 CET" time="0.333" errors="0">
  <testcase name="checkCategoriesInMenu" time="0.333" classname="sampleshop.homepage.HomePageTest"/>
  <system-out/>
</testsuite> <!-- sampleshop.homepage.HomePageTest -->
